mode: set
github.com/meteedev/assessment-tax/main.go:5.13,7.2 1 0
github.com/meteedev/assessment-tax/postgres/postgres.go:12.31,16.16 3 0
github.com/meteedev/assessment-tax/postgres/postgres.go:16.16,19.3 2 0
github.com/meteedev/assessment-tax/postgres/postgres.go:20.2,21.16 2 0
github.com/meteedev/assessment-tax/postgres/postgres.go:21.16,23.3 1 0
github.com/meteedev/assessment-tax/postgres/postgres.go:24.2,24.16 1 0
github.com/meteedev/assessment-tax/apperrs/error.go:14.34,16.2 1 0
github.com/meteedev/assessment-tax/apperrs/error.go:18.45,20.2 1 1
github.com/meteedev/assessment-tax/apperrs/error.go:22.51,24.2 1 1
github.com/meteedev/assessment-tax/apperrs/error.go:26.51,28.2 1 1
github.com/meteedev/assessment-tax/apperrs/error.go:30.47,32.2 1 1
github.com/meteedev/assessment-tax/apperrs/error_middleware.go:17.68,18.36 1 1
github.com/meteedev/assessment-tax/apperrs/error_middleware.go:18.36,21.17 2 1
github.com/meteedev/assessment-tax/apperrs/error_middleware.go:21.17,26.27 3 1
github.com/meteedev/assessment-tax/apperrs/error_middleware.go:27.25,29.33 2 1
github.com/meteedev/assessment-tax/apperrs/error_middleware.go:30.12,33.52 2 0
github.com/meteedev/assessment-tax/apperrs/error_middleware.go:37.4,37.66 1 1
github.com/meteedev/assessment-tax/apperrs/error_middleware.go:39.3,39.13 1 0
github.com/meteedev/assessment-tax/authen/authen_middleware.go:9.78,10.88 1 1
github.com/meteedev/assessment-tax/authen/authen_middleware.go:10.88,12.3 1 1
github.com/meteedev/assessment-tax/authen/authen_middleware.go:13.2,13.19 1 1
github.com/meteedev/assessment-tax/postgres/postgres.go:12.31,16.16 3 0
github.com/meteedev/assessment-tax/postgres/postgres.go:16.16,19.3 2 0
github.com/meteedev/assessment-tax/postgres/postgres.go:20.2,21.16 2 0
github.com/meteedev/assessment-tax/postgres/postgres.go:21.16,23.3 1 0
github.com/meteedev/assessment-tax/postgres/postgres.go:24.2,24.16 1 0
github.com/meteedev/assessment-tax/server/server.go:24.11,27.16 2 0
github.com/meteedev/assessment-tax/server/server.go:27.16,28.14 1 0
github.com/meteedev/assessment-tax/server/server.go:33.2,60.27 11 0
github.com/meteedev/assessment-tax/server/server.go:64.32,66.69 2 0
github.com/meteedev/assessment-tax/server/server.go:66.69,68.3 1 0
github.com/meteedev/assessment-tax/server/server.go:71.43,81.40 6 0
github.com/meteedev/assessment-tax/server/server.go:81.40,83.3 1 0
github.com/meteedev/assessment-tax/server/server.go:86.2,86.52 1 0
github.com/meteedev/assessment-tax/server/server.go:90.63,104.2 7 1
github.com/meteedev/assessment-tax/tax/handler/tax_handler.go:16.64,18.2 1 1
github.com/meteedev/assessment-tax/tax/handler/tax_handler.go:20.59,23.16 2 1
github.com/meteedev/assessment-tax/tax/handler/tax_handler.go:23.16,25.3 1 0
github.com/meteedev/assessment-tax/tax/handler/tax_handler.go:28.2,31.58 2 1
github.com/meteedev/assessment-tax/tax/handler/tax_handler.go:31.58,33.3 1 0
github.com/meteedev/assessment-tax/tax/handler/tax_handler.go:35.2,36.15 2 1
github.com/meteedev/assessment-tax/tax/handler/tax_handler.go:36.15,38.3 1 0
github.com/meteedev/assessment-tax/tax/handler/tax_handler.go:40.2,40.43 1 1
github.com/meteedev/assessment-tax/tax/handler/tax_handler.go:43.63,46.16 2 1
github.com/meteedev/assessment-tax/tax/handler/tax_handler.go:46.16,48.3 1 0
github.com/meteedev/assessment-tax/tax/handler/tax_handler.go:50.2,51.61 2 1
github.com/meteedev/assessment-tax/tax/handler/tax_handler.go:51.61,53.3 1 0
github.com/meteedev/assessment-tax/tax/handler/tax_handler.go:55.2,56.15 2 1
github.com/meteedev/assessment-tax/tax/handler/tax_handler.go:56.15,58.3 1 0
github.com/meteedev/assessment-tax/tax/handler/tax_handler.go:60.2,60.46 1 1
github.com/meteedev/assessment-tax/tax/handler/tax_handler.go:63.63,65.16 2 1
github.com/meteedev/assessment-tax/tax/handler/tax_handler.go:65.16,67.3 1 0
github.com/meteedev/assessment-tax/tax/handler/tax_handler.go:69.2,70.61 2 1
github.com/meteedev/assessment-tax/tax/handler/tax_handler.go:70.61,72.3 1 0
github.com/meteedev/assessment-tax/tax/handler/tax_handler.go:74.2,75.15 2 1
github.com/meteedev/assessment-tax/tax/handler/tax_handler.go:75.15,77.3 1 0
github.com/meteedev/assessment-tax/tax/handler/tax_handler.go:79.2,79.46 1 1
github.com/meteedev/assessment-tax/tax/handler/tax_handler.go:82.65,85.16 2 1
github.com/meteedev/assessment-tax/tax/handler/tax_handler.go:85.16,87.3 1 0
github.com/meteedev/assessment-tax/tax/handler/tax_handler.go:90.2,91.16 2 1
github.com/meteedev/assessment-tax/tax/handler/tax_handler.go:91.16,93.3 1 0
github.com/meteedev/assessment-tax/tax/handler/tax_handler.go:94.2,98.16 3 1
github.com/meteedev/assessment-tax/tax/handler/tax_handler.go:98.16,100.3 1 0
github.com/meteedev/assessment-tax/tax/handler/tax_handler.go:102.2,102.49 1 1
github.com/meteedev/assessment-tax/tax/handler/tax_handler_validate.go:16.83,19.16 2 1
github.com/meteedev/assessment-tax/tax/handler/tax_handler_validate.go:19.16,21.3 1 0
github.com/meteedev/assessment-tax/tax/handler/tax_handler_validate.go:24.2,32.16 4 1
github.com/meteedev/assessment-tax/tax/handler/tax_handler_validate.go:32.16,34.3 1 0
github.com/meteedev/assessment-tax/tax/handler/tax_handler_validate.go:37.2,37.21 1 1
github.com/meteedev/assessment-tax/tax/handler/tax_handler_validate.go:37.21,39.3 1 0
github.com/meteedev/assessment-tax/tax/handler/tax_handler_validate.go:41.2,41.17 1 1
github.com/meteedev/assessment-tax/tax/repository/tax_deduct_repo.go:13.61,15.2 1 1
github.com/meteedev/assessment-tax/tax/repository/tax_deduct_repo.go:19.83,34.15 3 1
github.com/meteedev/assessment-tax/tax/repository/tax_deduct_repo.go:34.15,36.3 1 0
github.com/meteedev/assessment-tax/tax/repository/tax_deduct_repo.go:37.2,41.16 3 1
github.com/meteedev/assessment-tax/tax/repository/tax_deduct_repo.go:41.16,43.6 1 0
github.com/meteedev/assessment-tax/tax/repository/tax_deduct_repo.go:46.5,47.19 2 1
github.com/meteedev/assessment-tax/tax/repository/tax_deduct_repo.go:47.19,49.6 1 0
github.com/meteedev/assessment-tax/tax/repository/tax_deduct_repo.go:51.5,51.24 1 1
github.com/meteedev/assessment-tax/tax/repository/tax_deduct_repo.go:54.75,66.15 3 1
github.com/meteedev/assessment-tax/tax/repository/tax_deduct_repo.go:66.15,68.3 1 0
github.com/meteedev/assessment-tax/tax/repository/tax_deduct_repo.go:69.2,78.16 5 1
github.com/meteedev/assessment-tax/tax/repository/tax_deduct_repo.go:78.16,80.27 1 1
github.com/meteedev/assessment-tax/tax/repository/tax_deduct_repo.go:80.27,82.4 1 1
github.com/meteedev/assessment-tax/tax/repository/tax_deduct_repo.go:84.3,84.18 1 0
github.com/meteedev/assessment-tax/tax/repository/tax_deduct_repo.go:88.2,88.18 1 1
github.com/meteedev/assessment-tax/tax/service/tax_cal.go:8.68,10.2 1 1
github.com/meteedev/assessment-tax/tax/service/tax_cal.go:27.115,29.26 2 1
github.com/meteedev/assessment-tax/tax/service/tax_cal.go:29.26,32.3 1 1
github.com/meteedev/assessment-tax/tax/service/tax_cal.go:34.2,34.21 1 1
github.com/meteedev/assessment-tax/tax/service/tax_cal.go:34.21,36.3 1 1
github.com/meteedev/assessment-tax/tax/service/tax_cal.go:36.7,38.3 1 1
github.com/meteedev/assessment-tax/tax/service/tax_cal.go:41.2,41.35 1 1
github.com/meteedev/assessment-tax/tax/service/tax_cal.go:45.77,70.2 18 1
github.com/meteedev/assessment-tax/tax/service/tax_cal.go:72.50,74.2 1 1
github.com/meteedev/assessment-tax/tax/service/tax_service.go:22.122,28.2 1 1
github.com/meteedev/assessment-tax/tax/service/tax_service.go:30.85,32.16 2 1
github.com/meteedev/assessment-tax/tax/service/tax_service.go:32.16,34.3 1 0
github.com/meteedev/assessment-tax/tax/service/tax_service.go:36.2,37.16 2 1
github.com/meteedev/assessment-tax/tax/service/tax_service.go:37.16,40.3 2 0
github.com/meteedev/assessment-tax/tax/service/tax_service.go:42.2,43.25 2 1
github.com/meteedev/assessment-tax/tax/service/tax_service.go:46.83,54.16 6 1
github.com/meteedev/assessment-tax/tax/service/tax_service.go:54.16,56.3 1 0
github.com/meteedev/assessment-tax/tax/service/tax_service.go:57.2,60.16 3 1
github.com/meteedev/assessment-tax/tax/service/tax_service.go:60.16,62.3 1 0
github.com/meteedev/assessment-tax/tax/service/tax_service.go:63.2,72.26 5 1
github.com/meteedev/assessment-tax/tax/service/tax_service.go:75.68,83.17 3 1
github.com/meteedev/assessment-tax/tax/service/tax_service.go:83.17,86.3 2 0
github.com/meteedev/assessment-tax/tax/service/tax_service.go:86.8,89.3 2 1
github.com/meteedev/assessment-tax/tax/service/tax_service.go:91.2,91.20 1 1
github.com/meteedev/assessment-tax/tax/service/tax_service.go:95.109,99.16 3 1
github.com/meteedev/assessment-tax/tax/service/tax_service.go:99.16,101.3 1 0
github.com/meteedev/assessment-tax/tax/service/tax_service.go:103.2,105.16 3 1
github.com/meteedev/assessment-tax/tax/service/tax_service.go:105.16,108.3 2 0
github.com/meteedev/assessment-tax/tax/service/tax_service.go:110.2,110.20 1 1
github.com/meteedev/assessment-tax/tax/service/tax_service.go:110.20,112.3 1 0
github.com/meteedev/assessment-tax/tax/service/tax_service.go:114.2,115.16 2 1
github.com/meteedev/assessment-tax/tax/service/tax_service.go:115.16,118.3 2 0
github.com/meteedev/assessment-tax/tax/service/tax_service.go:120.2,124.32 2 1
github.com/meteedev/assessment-tax/tax/service/tax_service.go:127.109,131.16 3 1
github.com/meteedev/assessment-tax/tax/service/tax_service.go:131.16,133.3 1 0
github.com/meteedev/assessment-tax/tax/service/tax_service.go:135.2,137.16 3 1
github.com/meteedev/assessment-tax/tax/service/tax_service.go:137.16,140.3 2 0
github.com/meteedev/assessment-tax/tax/service/tax_service.go:142.2,142.20 1 1
github.com/meteedev/assessment-tax/tax/service/tax_service.go:142.20,144.3 1 0
github.com/meteedev/assessment-tax/tax/service/tax_service.go:146.2,147.16 2 1
github.com/meteedev/assessment-tax/tax/service/tax_service.go:147.16,150.3 2 0
github.com/meteedev/assessment-tax/tax/service/tax_service.go:152.2,156.32 2 1
github.com/meteedev/assessment-tax/tax/service/tax_service.go:159.62,161.16 2 1
github.com/meteedev/assessment-tax/tax/service/tax_service.go:161.16,163.3 1 0
github.com/meteedev/assessment-tax/tax/service/tax_service.go:164.2,164.36 1 1
github.com/meteedev/assessment-tax/tax/service/tax_service.go:167.62,169.16 2 1
github.com/meteedev/assessment-tax/tax/service/tax_service.go:169.16,171.3 1 0
github.com/meteedev/assessment-tax/tax/service/tax_service.go:172.2,172.38 1 1
github.com/meteedev/assessment-tax/tax/service/tax_service.go:175.95,177.16 2 1
github.com/meteedev/assessment-tax/tax/service/tax_service.go:177.16,179.3 1 0
github.com/meteedev/assessment-tax/tax/service/tax_service.go:181.2,181.40 1 1
github.com/meteedev/assessment-tax/tax/service/tax_service.go:181.40,183.3 1 1
github.com/meteedev/assessment-tax/tax/service/tax_service.go:184.2,184.23 1 1
github.com/meteedev/assessment-tax/tax/service/tax_service.go:187.79,189.16 2 1
github.com/meteedev/assessment-tax/tax/service/tax_service.go:189.16,191.3 1 0
github.com/meteedev/assessment-tax/tax/service/tax_service.go:192.2,193.25 2 1
github.com/meteedev/assessment-tax/tax/service/tax_service.go:196.95,198.39 2 1
github.com/meteedev/assessment-tax/tax/service/tax_service.go:198.39,199.34 1 1
github.com/meteedev/assessment-tax/tax/service/tax_service.go:200.36,201.78 1 1
github.com/meteedev/assessment-tax/tax/service/tax_service.go:202.37,204.18 2 1
github.com/meteedev/assessment-tax/tax/service/tax_service.go:204.18,206.5 1 0
github.com/meteedev/assessment-tax/tax/service/tax_service.go:207.4,207.36 1 1
github.com/meteedev/assessment-tax/tax/service/tax_service.go:210.2,211.25 2 1
github.com/meteedev/assessment-tax/tax/service/tax_service.go:214.72,217.2 2 1
github.com/meteedev/assessment-tax/tax/service/tax_service.go:221.86,222.56 1 1
github.com/meteedev/assessment-tax/tax/service/tax_service.go:222.56,224.3 1 1
github.com/meteedev/assessment-tax/tax/service/tax_service.go:225.2,225.18 1 1
github.com/meteedev/assessment-tax/tax/service/tax_service.go:231.79,240.2 2 1
github.com/meteedev/assessment-tax/tax/service/tax_upload.go:14.85,17.16 3 1
github.com/meteedev/assessment-tax/tax/service/tax_upload.go:17.16,19.3 1 0
github.com/meteedev/assessment-tax/tax/service/tax_upload.go:21.2,22.6 2 1
github.com/meteedev/assessment-tax/tax/service/tax_upload.go:22.6,24.20 2 1
github.com/meteedev/assessment-tax/tax/service/tax_upload.go:24.20,25.9 1 1
github.com/meteedev/assessment-tax/tax/service/tax_upload.go:27.3,27.17 1 1
github.com/meteedev/assessment-tax/tax/service/tax_upload.go:27.17,29.4 1 0
github.com/meteedev/assessment-tax/tax/service/tax_upload.go:31.3,31.46 1 1
github.com/meteedev/assessment-tax/tax/service/tax_upload.go:31.46,33.4 1 0
github.com/meteedev/assessment-tax/tax/service/tax_upload.go:35.3,36.17 2 1
github.com/meteedev/assessment-tax/tax/service/tax_upload.go:36.17,38.4 1 0
github.com/meteedev/assessment-tax/tax/service/tax_upload.go:40.3,40.49 1 1
github.com/meteedev/assessment-tax/tax/service/tax_upload.go:43.2,43.26 1 1
github.com/meteedev/assessment-tax/tax/service/tax_upload.go:46.66,49.16 2 1
github.com/meteedev/assessment-tax/tax/service/tax_upload.go:49.16,51.3 1 0
github.com/meteedev/assessment-tax/tax/service/tax_upload.go:53.2,54.16 2 1
github.com/meteedev/assessment-tax/tax/service/tax_upload.go:54.16,56.3 1 0
github.com/meteedev/assessment-tax/tax/service/tax_upload.go:58.2,59.16 2 1
github.com/meteedev/assessment-tax/tax/service/tax_upload.go:59.16,61.3 1 0
github.com/meteedev/assessment-tax/tax/service/tax_upload.go:63.2,74.25 3 1
github.com/meteedev/assessment-tax/tax/service/tax_upload.go:78.87,82.16 2 1
github.com/meteedev/assessment-tax/tax/service/tax_upload.go:82.16,85.3 2 0
github.com/meteedev/assessment-tax/tax/service/tax_upload.go:87.2,88.42 2 1
github.com/meteedev/assessment-tax/tax/service/tax_upload.go:88.42,89.57 1 1
github.com/meteedev/assessment-tax/tax/service/tax_upload.go:89.57,91.4 1 0
github.com/meteedev/assessment-tax/tax/service/tax_upload.go:93.3,94.17 2 1
github.com/meteedev/assessment-tax/tax/service/tax_upload.go:94.17,97.4 2 0
github.com/meteedev/assessment-tax/tax/service/tax_upload.go:99.3,100.45 2 1
github.com/meteedev/assessment-tax/tax/service/tax_upload.go:103.2,103.51 1 1
github.com/meteedev/assessment-tax/tax/service/tax_validate.go:16.55,24.22 5 1
github.com/meteedev/assessment-tax/tax/service/tax_validate.go:24.22,26.3 1 1
github.com/meteedev/assessment-tax/tax/service/tax_validate.go:28.2,28.12 1 1
github.com/meteedev/assessment-tax/tax/service/tax_validate.go:32.64,35.2 1 1
github.com/meteedev/assessment-tax/tax/service/tax_validate.go:38.68,41.2 2 1
github.com/meteedev/assessment-tax/tax/service/tax_validate.go:45.54,53.22 5 1
github.com/meteedev/assessment-tax/tax/service/tax_validate.go:53.22,55.3 1 0
github.com/meteedev/assessment-tax/tax/service/tax_validate.go:57.2,57.12 1 1
github.com/meteedev/assessment-tax/tax/service/tax_validate.go:61.53,69.22 5 1
github.com/meteedev/assessment-tax/tax/service/tax_validate.go:69.22,71.3 1 0
github.com/meteedev/assessment-tax/tax/service/tax_validate.go:73.2,73.12 1 1
github.com/meteedev/assessment-tax/tax/service/tax_validate.go:77.72,79.13 1 1
github.com/meteedev/assessment-tax/tax/service/tax_validate.go:79.13,81.3 1 1
github.com/meteedev/assessment-tax/tax/service/tax_validate.go:84.95,86.23 1 1
github.com/meteedev/assessment-tax/tax/service/tax_validate.go:86.23,88.3 1 1
github.com/meteedev/assessment-tax/tax/service/tax_validate.go:92.74,94.50 1 1
github.com/meteedev/assessment-tax/tax/service/tax_validate.go:94.50,96.3 1 1
github.com/meteedev/assessment-tax/tax/service/tax_validate.go:98.2,98.12 1 1
github.com/meteedev/assessment-tax/tax/service/tax_validate.go:102.70,103.51 1 1
github.com/meteedev/assessment-tax/tax/service/tax_validate.go:103.51,105.3 1 1
github.com/meteedev/assessment-tax/tax/service/tax_validate.go:108.46,109.24 1 1
github.com/meteedev/assessment-tax/tax/service/tax_validate.go:109.24,110.15 1 1
github.com/meteedev/assessment-tax/tax/service/tax_validate.go:110.15,112.4 1 1
github.com/meteedev/assessment-tax/tax/service/tax_validate.go:114.2,114.14 1 1
github.com/meteedev/assessment-tax/tax/service/tax_validate.go:120.89,122.16 1 1
github.com/meteedev/assessment-tax/tax/service/tax_validate.go:122.16,124.3 1 0
github.com/meteedev/assessment-tax/tax/service/tax_validate.go:127.74,129.46 1 1
github.com/meteedev/assessment-tax/tax/service/tax_validate.go:129.46,132.3 2 1
github.com/meteedev/assessment-tax/tax/service/tax_validate.go:135.74,137.46 1 1
github.com/meteedev/assessment-tax/tax/service/tax_validate.go:137.46,140.3 2 1
github.com/meteedev/assessment-tax/tax/service/tax_validate.go:147.89,149.16 1 1
github.com/meteedev/assessment-tax/tax/service/tax_validate.go:149.16,151.3 1 0
github.com/meteedev/assessment-tax/tax/service/tax_validate.go:154.74,156.47 1 1
github.com/meteedev/assessment-tax/tax/service/tax_validate.go:156.47,159.3 2 0
github.com/meteedev/assessment-tax/tax/service/tax_validate.go:162.74,164.47 1 1
github.com/meteedev/assessment-tax/tax/service/tax_validate.go:164.47,167.3 2 0
github.com/meteedev/assessment-tax/tax/service/tax_validate.go:170.83,172.17 1 1
github.com/meteedev/assessment-tax/tax/service/tax_validate.go:172.17,174.3 1 1
github.com/meteedev/assessment-tax/tax/service/tax_validate.go:179.46,184.16 2 1
github.com/meteedev/assessment-tax/tax/service/tax_validate.go:184.16,186.3 1 0
github.com/meteedev/assessment-tax/tax/service/tax_validate.go:187.2,187.14 1 1
github.com/meteedev/assessment-tax/tax/service/tax_validate.go:187.14,189.3 1 1
github.com/meteedev/assessment-tax/tax/service/tax_validate.go:196.57,200.19 2 1
github.com/meteedev/assessment-tax/tax/service/tax_validate.go:200.19,202.3 1 1
github.com/meteedev/assessment-tax/tax/service/tax_validate.go:204.2,204.31 1 1
github.com/meteedev/assessment-tax/tax/service/tax_validate.go:204.31,207.23 2 1
github.com/meteedev/assessment-tax/tax/service/tax_validate.go:207.23,209.4 1 1
github.com/meteedev/assessment-tax/tax/service/tax_validate.go:213.2,213.12 1 1
