mode: set
github.com/meteedev/assessment-tax/main.go:5.13,7.2 1 0
github.com/meteedev/assessment-tax/authen/authen_middleware.go:9.78,10.88 1 0
github.com/meteedev/assessment-tax/authen/authen_middleware.go:10.88,12.3 1 0
github.com/meteedev/assessment-tax/authen/authen_middleware.go:13.2,13.19 1 0
github.com/meteedev/assessment-tax/postgres/postgres.go:12.31,16.16 4 0
github.com/meteedev/assessment-tax/postgres/postgres.go:16.16,19.3 2 0
github.com/meteedev/assessment-tax/postgres/postgres.go:20.2,21.16 2 0
github.com/meteedev/assessment-tax/postgres/postgres.go:21.16,23.3 1 0
github.com/meteedev/assessment-tax/postgres/postgres.go:24.2,24.16 1 0
github.com/meteedev/assessment-tax/postgres/postgres.go:29.35,31.2 1 0
github.com/meteedev/assessment-tax/tax/repository/tax_deduct_repo.go:13.61,15.2 1 0
github.com/meteedev/assessment-tax/tax/repository/tax_deduct_repo.go:19.83,34.15 3 0
github.com/meteedev/assessment-tax/tax/repository/tax_deduct_repo.go:34.15,36.3 1 0
github.com/meteedev/assessment-tax/tax/repository/tax_deduct_repo.go:37.2,41.16 3 0
github.com/meteedev/assessment-tax/tax/repository/tax_deduct_repo.go:41.16,43.6 1 0
github.com/meteedev/assessment-tax/tax/repository/tax_deduct_repo.go:46.5,47.19 2 0
github.com/meteedev/assessment-tax/tax/repository/tax_deduct_repo.go:47.19,49.6 1 0
github.com/meteedev/assessment-tax/tax/repository/tax_deduct_repo.go:51.5,51.24 1 0
github.com/meteedev/assessment-tax/tax/repository/tax_deduct_repo.go:54.75,66.15 3 0
github.com/meteedev/assessment-tax/tax/repository/tax_deduct_repo.go:66.15,68.3 1 0
github.com/meteedev/assessment-tax/tax/repository/tax_deduct_repo.go:69.2,78.16 5 0
github.com/meteedev/assessment-tax/tax/repository/tax_deduct_repo.go:78.16,80.27 1 0
github.com/meteedev/assessment-tax/tax/repository/tax_deduct_repo.go:80.27,82.4 1 0
github.com/meteedev/assessment-tax/tax/repository/tax_deduct_repo.go:84.3,84.18 1 0
github.com/meteedev/assessment-tax/tax/repository/tax_deduct_repo.go:88.2,88.18 1 0
github.com/meteedev/assessment-tax/tax/handler/tax_handler.go:14.64,16.2 1 1
github.com/meteedev/assessment-tax/tax/handler/tax_handler.go:18.67,21.36 2 1
github.com/meteedev/assessment-tax/tax/handler/tax_handler.go:21.36,23.3 1 0
github.com/meteedev/assessment-tax/tax/handler/tax_handler.go:25.2,27.15 2 1
github.com/meteedev/assessment-tax/tax/handler/tax_handler.go:27.15,29.3 1 0
github.com/meteedev/assessment-tax/tax/handler/tax_handler.go:31.2,31.43 1 1
github.com/meteedev/assessment-tax/tax/handler/tax_handler.go:34.63,37.36 2 1
github.com/meteedev/assessment-tax/tax/handler/tax_handler.go:37.36,39.3 1 0
github.com/meteedev/assessment-tax/tax/handler/tax_handler.go:41.2,43.15 2 1
github.com/meteedev/assessment-tax/tax/handler/tax_handler.go:43.15,45.3 1 0
github.com/meteedev/assessment-tax/tax/handler/tax_handler.go:48.2,48.46 1 1
github.com/meteedev/assessment-tax/tax/handler/tax_handler.go:51.63,54.36 2 1
github.com/meteedev/assessment-tax/tax/handler/tax_handler.go:54.36,56.3 1 0
github.com/meteedev/assessment-tax/tax/handler/tax_handler.go:58.2,60.15 2 1
github.com/meteedev/assessment-tax/tax/handler/tax_handler.go:60.15,62.3 1 0
github.com/meteedev/assessment-tax/tax/handler/tax_handler.go:65.2,65.46 1 1
github.com/meteedev/assessment-tax/tax/repository/tax_deduct_repo.go:13.61,15.2 1 0
github.com/meteedev/assessment-tax/tax/repository/tax_deduct_repo.go:19.83,34.15 3 0
github.com/meteedev/assessment-tax/tax/repository/tax_deduct_repo.go:34.15,36.3 1 0
github.com/meteedev/assessment-tax/tax/repository/tax_deduct_repo.go:37.2,41.16 3 0
github.com/meteedev/assessment-tax/tax/repository/tax_deduct_repo.go:41.16,43.6 1 0
github.com/meteedev/assessment-tax/tax/repository/tax_deduct_repo.go:46.5,47.19 2 0
github.com/meteedev/assessment-tax/tax/repository/tax_deduct_repo.go:47.19,49.6 1 0
github.com/meteedev/assessment-tax/tax/repository/tax_deduct_repo.go:51.5,51.24 1 0
github.com/meteedev/assessment-tax/tax/repository/tax_deduct_repo.go:54.75,66.15 3 0
github.com/meteedev/assessment-tax/tax/repository/tax_deduct_repo.go:66.15,68.3 1 0
github.com/meteedev/assessment-tax/tax/repository/tax_deduct_repo.go:69.2,78.16 5 0
github.com/meteedev/assessment-tax/tax/repository/tax_deduct_repo.go:78.16,80.27 1 0
github.com/meteedev/assessment-tax/tax/repository/tax_deduct_repo.go:80.27,82.4 1 0
github.com/meteedev/assessment-tax/tax/repository/tax_deduct_repo.go:84.3,84.18 1 0
github.com/meteedev/assessment-tax/tax/repository/tax_deduct_repo.go:88.2,88.18 1 0
github.com/meteedev/assessment-tax/server/server.go:24.11,27.16 2 0
github.com/meteedev/assessment-tax/server/server.go:27.16,28.14 1 0
github.com/meteedev/assessment-tax/server/server.go:33.2,57.27 10 0
github.com/meteedev/assessment-tax/server/server.go:61.32,63.69 2 0
github.com/meteedev/assessment-tax/server/server.go:63.69,65.3 1 0
github.com/meteedev/assessment-tax/server/server.go:68.43,78.40 6 0
github.com/meteedev/assessment-tax/server/server.go:78.40,80.3 1 0
github.com/meteedev/assessment-tax/server/server.go:83.2,83.52 1 0
github.com/meteedev/assessment-tax/server/server.go:87.63,100.2 6 0
github.com/meteedev/assessment-tax/apperrs/error.go:14.34,16.2 1 0
github.com/meteedev/assessment-tax/apperrs/error.go:18.45,20.2 1 1
github.com/meteedev/assessment-tax/apperrs/error.go:22.51,24.2 1 1
github.com/meteedev/assessment-tax/apperrs/error.go:26.51,28.2 1 1
github.com/meteedev/assessment-tax/apperrs/error.go:30.47,32.2 1 1
github.com/meteedev/assessment-tax/apperrs/error_middleware.go:17.68,18.36 1 1
github.com/meteedev/assessment-tax/apperrs/error_middleware.go:18.36,21.17 2 1
github.com/meteedev/assessment-tax/apperrs/error_middleware.go:21.17,26.27 3 1
github.com/meteedev/assessment-tax/apperrs/error_middleware.go:27.25,29.33 2 1
github.com/meteedev/assessment-tax/apperrs/error_middleware.go:30.12,33.52 2 0
github.com/meteedev/assessment-tax/apperrs/error_middleware.go:37.4,37.66 1 1
github.com/meteedev/assessment-tax/apperrs/error_middleware.go:39.3,39.13 1 0
github.com/meteedev/assessment-tax/tax/repository/tax_deduct_repo.go:13.61,15.2 1 0
github.com/meteedev/assessment-tax/tax/repository/tax_deduct_repo.go:19.83,34.15 3 0
github.com/meteedev/assessment-tax/tax/repository/tax_deduct_repo.go:34.15,36.3 1 0
github.com/meteedev/assessment-tax/tax/repository/tax_deduct_repo.go:37.2,41.16 3 0
github.com/meteedev/assessment-tax/tax/repository/tax_deduct_repo.go:41.16,43.6 1 0
github.com/meteedev/assessment-tax/tax/repository/tax_deduct_repo.go:46.5,47.19 2 0
github.com/meteedev/assessment-tax/tax/repository/tax_deduct_repo.go:47.19,49.6 1 0
github.com/meteedev/assessment-tax/tax/repository/tax_deduct_repo.go:51.5,51.24 1 0
github.com/meteedev/assessment-tax/tax/repository/tax_deduct_repo.go:54.75,66.15 3 0
github.com/meteedev/assessment-tax/tax/repository/tax_deduct_repo.go:66.15,68.3 1 0
github.com/meteedev/assessment-tax/tax/repository/tax_deduct_repo.go:69.2,78.16 5 0
github.com/meteedev/assessment-tax/tax/repository/tax_deduct_repo.go:78.16,80.27 1 0
github.com/meteedev/assessment-tax/tax/repository/tax_deduct_repo.go:80.27,82.4 1 0
github.com/meteedev/assessment-tax/tax/repository/tax_deduct_repo.go:84.3,84.18 1 0
github.com/meteedev/assessment-tax/tax/repository/tax_deduct_repo.go:88.2,88.18 1 0
github.com/meteedev/assessment-tax/tax/service/tax_cal.go:5.68,7.2 1 1
github.com/meteedev/assessment-tax/tax/service/tax_cal.go:9.103,11.26 2 1
github.com/meteedev/assessment-tax/tax/service/tax_cal.go:11.26,14.3 1 1
github.com/meteedev/assessment-tax/tax/service/tax_cal.go:17.2,20.35 2 1
github.com/meteedev/assessment-tax/tax/service/tax_cal.go:23.77,48.2 18 1
github.com/meteedev/assessment-tax/tax/service/tax_service.go:15.102,20.2 1 1
github.com/meteedev/assessment-tax/tax/service/tax_service.go:22.85,24.16 2 1
github.com/meteedev/assessment-tax/tax/service/tax_service.go:24.16,26.3 1 0
github.com/meteedev/assessment-tax/tax/service/tax_service.go:28.2,29.16 2 1
github.com/meteedev/assessment-tax/tax/service/tax_service.go:29.16,32.3 2 0
github.com/meteedev/assessment-tax/tax/service/tax_service.go:34.2,35.25 2 1
github.com/meteedev/assessment-tax/tax/service/tax_service.go:38.83,46.16 6 1
github.com/meteedev/assessment-tax/tax/service/tax_service.go:46.16,48.3 1 0
github.com/meteedev/assessment-tax/tax/service/tax_service.go:49.2,52.16 3 1
github.com/meteedev/assessment-tax/tax/service/tax_service.go:52.16,54.3 1 0
github.com/meteedev/assessment-tax/tax/service/tax_service.go:55.2,64.26 5 1
github.com/meteedev/assessment-tax/tax/service/tax_service.go:67.68,73.17 2 1
github.com/meteedev/assessment-tax/tax/service/tax_service.go:73.17,76.3 2 0
github.com/meteedev/assessment-tax/tax/service/tax_service.go:76.8,79.3 2 1
github.com/meteedev/assessment-tax/tax/service/tax_service.go:81.2,81.20 1 1
github.com/meteedev/assessment-tax/tax/service/tax_service.go:85.109,89.16 3 1
github.com/meteedev/assessment-tax/tax/service/tax_service.go:89.16,91.3 1 0
github.com/meteedev/assessment-tax/tax/service/tax_service.go:93.2,95.16 3 1
github.com/meteedev/assessment-tax/tax/service/tax_service.go:95.16,98.3 2 0
github.com/meteedev/assessment-tax/tax/service/tax_service.go:100.2,100.20 1 1
github.com/meteedev/assessment-tax/tax/service/tax_service.go:100.20,102.3 1 0
github.com/meteedev/assessment-tax/tax/service/tax_service.go:104.2,105.16 2 1
github.com/meteedev/assessment-tax/tax/service/tax_service.go:105.16,108.3 2 0
github.com/meteedev/assessment-tax/tax/service/tax_service.go:110.2,114.32 2 1
github.com/meteedev/assessment-tax/tax/service/tax_service.go:117.109,121.16 3 1
github.com/meteedev/assessment-tax/tax/service/tax_service.go:121.16,123.3 1 0
github.com/meteedev/assessment-tax/tax/service/tax_service.go:125.2,127.16 3 1
github.com/meteedev/assessment-tax/tax/service/tax_service.go:127.16,130.3 2 0
github.com/meteedev/assessment-tax/tax/service/tax_service.go:132.2,132.20 1 1
github.com/meteedev/assessment-tax/tax/service/tax_service.go:132.20,134.3 1 0
github.com/meteedev/assessment-tax/tax/service/tax_service.go:136.2,137.16 2 1
github.com/meteedev/assessment-tax/tax/service/tax_service.go:137.16,140.3 2 0
github.com/meteedev/assessment-tax/tax/service/tax_service.go:142.2,146.32 2 1
github.com/meteedev/assessment-tax/tax/service/tax_service.go:149.62,151.16 2 1
github.com/meteedev/assessment-tax/tax/service/tax_service.go:151.16,153.3 1 0
github.com/meteedev/assessment-tax/tax/service/tax_service.go:154.2,154.36 1 1
github.com/meteedev/assessment-tax/tax/service/tax_service.go:157.62,159.16 2 0
github.com/meteedev/assessment-tax/tax/service/tax_service.go:159.16,161.3 1 0
github.com/meteedev/assessment-tax/tax/service/tax_service.go:162.2,162.38 1 0
github.com/meteedev/assessment-tax/tax/service/tax_service.go:165.95,167.16 2 0
github.com/meteedev/assessment-tax/tax/service/tax_service.go:167.16,169.3 1 0
github.com/meteedev/assessment-tax/tax/service/tax_service.go:171.2,171.40 1 0
github.com/meteedev/assessment-tax/tax/service/tax_service.go:171.40,173.3 1 0
github.com/meteedev/assessment-tax/tax/service/tax_service.go:174.2,174.23 1 0
github.com/meteedev/assessment-tax/tax/service/tax_service.go:177.79,179.16 2 1
github.com/meteedev/assessment-tax/tax/service/tax_service.go:179.16,181.3 1 0
github.com/meteedev/assessment-tax/tax/service/tax_service.go:182.2,183.25 2 1
github.com/meteedev/assessment-tax/tax/service/tax_service.go:186.95,188.39 2 1
github.com/meteedev/assessment-tax/tax/service/tax_service.go:188.39,189.34 1 1
github.com/meteedev/assessment-tax/tax/service/tax_service.go:190.36,191.78 1 1
github.com/meteedev/assessment-tax/tax/service/tax_service.go:192.37,194.18 2 0
github.com/meteedev/assessment-tax/tax/service/tax_service.go:194.18,196.5 1 0
github.com/meteedev/assessment-tax/tax/service/tax_service.go:197.4,197.36 1 0
github.com/meteedev/assessment-tax/tax/service/tax_service.go:200.2,201.25 2 1
github.com/meteedev/assessment-tax/tax/service/tax_service.go:204.72,207.2 2 1
github.com/meteedev/assessment-tax/tax/service/tax_service.go:211.86,212.56 1 1
github.com/meteedev/assessment-tax/tax/service/tax_service.go:212.56,214.3 1 1
github.com/meteedev/assessment-tax/tax/service/tax_service.go:215.2,215.18 1 1
github.com/meteedev/assessment-tax/tax/service/tax_validate.go:15.55,23.22 5 1
github.com/meteedev/assessment-tax/tax/service/tax_validate.go:23.22,25.3 1 1
github.com/meteedev/assessment-tax/tax/service/tax_validate.go:27.2,27.12 1 1
github.com/meteedev/assessment-tax/tax/service/tax_validate.go:32.68,35.2 2 1
github.com/meteedev/assessment-tax/tax/service/tax_validate.go:39.54,47.22 5 1
github.com/meteedev/assessment-tax/tax/service/tax_validate.go:47.22,49.3 1 0
github.com/meteedev/assessment-tax/tax/service/tax_validate.go:51.2,51.12 1 1
github.com/meteedev/assessment-tax/tax/service/tax_validate.go:55.53,63.22 5 1
github.com/meteedev/assessment-tax/tax/service/tax_validate.go:63.22,65.3 1 0
github.com/meteedev/assessment-tax/tax/service/tax_validate.go:67.2,67.12 1 1
github.com/meteedev/assessment-tax/tax/service/tax_validate.go:71.72,73.13 1 1
github.com/meteedev/assessment-tax/tax/service/tax_validate.go:73.13,75.3 1 1
github.com/meteedev/assessment-tax/tax/service/tax_validate.go:78.95,80.23 1 1
github.com/meteedev/assessment-tax/tax/service/tax_validate.go:80.23,82.3 1 1
github.com/meteedev/assessment-tax/tax/service/tax_validate.go:86.74,88.50 1 1
github.com/meteedev/assessment-tax/tax/service/tax_validate.go:88.50,90.3 1 1
github.com/meteedev/assessment-tax/tax/service/tax_validate.go:92.2,92.12 1 1
github.com/meteedev/assessment-tax/tax/service/tax_validate.go:96.70,97.51 1 1
github.com/meteedev/assessment-tax/tax/service/tax_validate.go:97.51,99.3 1 1
github.com/meteedev/assessment-tax/tax/service/tax_validate.go:102.46,103.24 1 1
github.com/meteedev/assessment-tax/tax/service/tax_validate.go:103.24,104.15 1 1
github.com/meteedev/assessment-tax/tax/service/tax_validate.go:104.15,106.4 1 1
github.com/meteedev/assessment-tax/tax/service/tax_validate.go:108.2,108.14 1 1
github.com/meteedev/assessment-tax/tax/service/tax_validate.go:114.89,116.16 1 1
github.com/meteedev/assessment-tax/tax/service/tax_validate.go:116.16,118.3 1 0
github.com/meteedev/assessment-tax/tax/service/tax_validate.go:121.74,123.46 1 1
github.com/meteedev/assessment-tax/tax/service/tax_validate.go:123.46,126.3 2 0
github.com/meteedev/assessment-tax/tax/service/tax_validate.go:129.74,131.46 1 1
github.com/meteedev/assessment-tax/tax/service/tax_validate.go:131.46,134.3 2 0
github.com/meteedev/assessment-tax/tax/service/tax_validate.go:141.89,143.16 1 1
github.com/meteedev/assessment-tax/tax/service/tax_validate.go:143.16,145.3 1 0
github.com/meteedev/assessment-tax/tax/service/tax_validate.go:148.74,150.47 1 1
github.com/meteedev/assessment-tax/tax/service/tax_validate.go:150.47,153.3 2 0
github.com/meteedev/assessment-tax/tax/service/tax_validate.go:156.74,158.47 1 1
github.com/meteedev/assessment-tax/tax/service/tax_validate.go:158.47,161.3 2 0
github.com/meteedev/assessment-tax/tax/service/tax_validate.go:164.83,166.17 1 1
github.com/meteedev/assessment-tax/tax/service/tax_validate.go:166.17,168.3 1 1
