mode: set
github.com/meteedev/assessment-tax/tax/repository/tax_deduct_repo.go:13.61,15.2 1 1
github.com/meteedev/assessment-tax/tax/repository/tax_deduct_repo.go:19.83,34.15 3 1
github.com/meteedev/assessment-tax/tax/repository/tax_deduct_repo.go:34.15,36.3 1 0
github.com/meteedev/assessment-tax/tax/repository/tax_deduct_repo.go:37.2,41.16 3 1
github.com/meteedev/assessment-tax/tax/repository/tax_deduct_repo.go:41.16,43.6 1 0
github.com/meteedev/assessment-tax/tax/repository/tax_deduct_repo.go:46.5,47.19 2 1
github.com/meteedev/assessment-tax/tax/repository/tax_deduct_repo.go:47.19,49.6 1 0
github.com/meteedev/assessment-tax/tax/repository/tax_deduct_repo.go:51.5,51.24 1 1
github.com/meteedev/assessment-tax/tax/repository/tax_deduct_repo.go:54.75,66.15 3 1
github.com/meteedev/assessment-tax/tax/repository/tax_deduct_repo.go:66.15,68.3 1 0
github.com/meteedev/assessment-tax/tax/repository/tax_deduct_repo.go:69.2,78.16 5 1
github.com/meteedev/assessment-tax/tax/repository/tax_deduct_repo.go:78.16,80.27 1 1
github.com/meteedev/assessment-tax/tax/repository/tax_deduct_repo.go:80.27,82.4 1 1
github.com/meteedev/assessment-tax/tax/repository/tax_deduct_repo.go:84.3,84.18 1 0
github.com/meteedev/assessment-tax/tax/repository/tax_deduct_repo.go:88.2,88.18 1 1
